#! /opt/homebrew/Cellar/icarus-verilog/12.0/bin/vvp
:ivl_version "12.0 (stable)";
:ivl_delay_selection "TYPICAL";
:vpi_time_precision - 12;
:vpi_module "/opt/homebrew/Cellar/icarus-verilog/12.0/lib/ivl/system.vpi";
:vpi_module "/opt/homebrew/Cellar/icarus-verilog/12.0/lib/ivl/vhdl_sys.vpi";
:vpi_module "/opt/homebrew/Cellar/icarus-verilog/12.0/lib/ivl/vhdl_textio.vpi";
:vpi_module "/opt/homebrew/Cellar/icarus-verilog/12.0/lib/ivl/v2005_math.vpi";
:vpi_module "/opt/homebrew/Cellar/icarus-verilog/12.0/lib/ivl/va_math.vpi";
S_0x15b605050 .scope module, "mux21_tb" "mux21_tb" 2 2;
 .timescale -9 -12;
P_0x600002e6a2c0 .param/l "width_tb" 1 2 3, +C4<00000000000000000000000000000101>;
v0x600000968240_0 .var "a_tb", 4 0;
v0x6000009682d0_0 .var "b_tb", 4 0;
v0x600000968360_0 .var "sel_tb", 0 0;
v0x6000009683f0_0 .net "y_op", 4 0, v0x6000009681b0_0;  1 drivers
S_0x15b6051c0 .scope module, "DUT" "mux21" 2 7, 3 2 0, S_0x15b605050;
 .timescale -9 -12;
    .port_info 0 /INPUT 1 "sel";
    .port_info 1 /INPUT 5 "a";
    .port_info 2 /INPUT 5 "b";
    .port_info 3 /OUTPUT 5 "y";
P_0x600002e6a340 .param/l "width" 0 3 2, +C4<00000000000000000000000000000101>;
v0x600000968000_0 .net "a", 4 0, v0x600000968240_0;  1 drivers
v0x600000968090_0 .net "b", 4 0, v0x6000009682d0_0;  1 drivers
v0x600000968120_0 .net "sel", 0 0, v0x600000968360_0;  1 drivers
v0x6000009681b0_0 .var "y", 4 0;
E_0x600002e6a3c0 .event anyedge, v0x600000968120_0, v0x600000968000_0, v0x600000968090_0;
    .scope S_0x15b6051c0;
T_0 ;
    %wait E_0x600002e6a3c0;
    %load/vec4 v0x600000968120_0;
    %dup/vec4;
    %pushi/vec4 0, 0, 1;
    %cmp/u;
    %jmp/1 T_0.0, 6;
    %dup/vec4;
    %pushi/vec4 1, 0, 1;
    %cmp/u;
    %jmp/1 T_0.1, 6;
    %pushi/vec4 0, 31, 5;
    %store/vec4 v0x6000009681b0_0, 0, 5;
    %jmp T_0.3;
T_0.0 ;
    %load/vec4 v0x600000968000_0;
    %store/vec4 v0x6000009681b0_0, 0, 5;
    %jmp T_0.3;
T_0.1 ;
    %load/vec4 v0x600000968090_0;
    %store/vec4 v0x6000009681b0_0, 0, 5;
    %jmp T_0.3;
T_0.3 ;
    %pop/vec4 1;
    %jmp T_0;
    .thread T_0, $push;
    .scope S_0x15b605050;
T_1 ;
    %vpi_call 2 14 "$dumpfile", "sim.vcd" {0 0 0};
    %vpi_call 2 15 "$dumpvars", 32'sb00000000000000000000000000000000, S_0x15b605050 {0 0 0};
    %vpi_call 2 16 "$monitor", "Time:%0t | sel = %b |a = %b  b = %b | y = %b", $time, v0x600000968360_0, v0x600000968240_0, v0x6000009682d0_0, v0x6000009683f0_0 {0 0 0};
    %pushi/vec4 0, 0, 1;
    %store/vec4 v0x600000968360_0, 0, 1;
    %pushi/vec4 0, 0, 5;
    %store/vec4 v0x600000968240_0, 0, 5;
    %pushi/vec4 0, 0, 5;
    %store/vec4 v0x6000009682d0_0, 0, 5;
    %delay 10000, 0;
    %pushi/vec4 0, 0, 1;
    %store/vec4 v0x600000968360_0, 0, 1;
    %pushi/vec4 0, 0, 5;
    %store/vec4 v0x600000968240_0, 0, 5;
    %pushi/vec4 1, 0, 5;
    %store/vec4 v0x6000009682d0_0, 0, 5;
    %delay 10000, 0;
    %pushi/vec4 0, 0, 1;
    %store/vec4 v0x600000968360_0, 0, 1;
    %pushi/vec4 1, 0, 5;
    %store/vec4 v0x600000968240_0, 0, 5;
    %pushi/vec4 0, 0, 5;
    %store/vec4 v0x6000009682d0_0, 0, 5;
    %delay 10000, 0;
    %pushi/vec4 0, 0, 1;
    %store/vec4 v0x600000968360_0, 0, 1;
    %pushi/vec4 1, 0, 5;
    %store/vec4 v0x600000968240_0, 0, 5;
    %pushi/vec4 1, 0, 5;
    %store/vec4 v0x6000009682d0_0, 0, 5;
    %delay 10000, 0;
    %pushi/vec4 1, 0, 1;
    %store/vec4 v0x600000968360_0, 0, 1;
    %pushi/vec4 0, 0, 5;
    %store/vec4 v0x600000968240_0, 0, 5;
    %pushi/vec4 0, 0, 5;
    %store/vec4 v0x6000009682d0_0, 0, 5;
    %delay 10000, 0;
    %pushi/vec4 1, 0, 1;
    %store/vec4 v0x600000968360_0, 0, 1;
    %pushi/vec4 0, 0, 5;
    %store/vec4 v0x600000968240_0, 0, 5;
    %pushi/vec4 1, 0, 5;
    %store/vec4 v0x6000009682d0_0, 0, 5;
    %delay 10000, 0;
    %pushi/vec4 1, 0, 1;
    %store/vec4 v0x600000968360_0, 0, 1;
    %pushi/vec4 1, 0, 5;
    %store/vec4 v0x600000968240_0, 0, 5;
    %pushi/vec4 0, 0, 5;
    %store/vec4 v0x6000009682d0_0, 0, 5;
    %delay 10000, 0;
    %pushi/vec4 1, 0, 1;
    %store/vec4 v0x600000968360_0, 0, 1;
    %pushi/vec4 1, 0, 5;
    %store/vec4 v0x600000968240_0, 0, 5;
    %pushi/vec4 1, 0, 5;
    %store/vec4 v0x6000009682d0_0, 0, 5;
    %delay 10000, 0;
    %vpi_call 2 27 "$finish" {0 0 0};
    %end;
    .thread T_1;
# The file index is used to find the file name in the following table.
:file_names 4;
    "N/A";
    "<interactive>";
    "mux21_tb.v";
    "multiplexer.v";
